2024/09/19 19:59:54 [notice] 1#1: using the "epoll" event method
2024/09/19 19:59:54 [notice] 1#1: nginx/1.27.1
2024/09/19 19:59:54 [notice] 1#1: built by gcc 13.2.1 20240309 (Alpine 13.2.1_git20240309) 
2024/09/19 19:59:54 [notice] 1#1: OS: Linux 6.6.26-linuxkit
2024/09/19 19:59:54 [notice] 1#1: getrlimit(RLIMIT_NOFILE): 1048576:1048576
2024/09/19 19:59:54 [notice] 1#1: start worker processes
2024/09/19 19:59:54 [notice] 1#1: start worker process 20
2024/09/19 19:59:54 [notice] 1#1: start worker process 21
2024/09/19 19:59:54 [notice] 1#1: start worker process 22
2024/09/19 19:59:54 [notice] 1#1: start worker process 23
2024/09/19 19:59:54 [notice] 1#1: start worker process 24
2024/09/19 19:59:54 [notice] 1#1: start worker process 25
2024/09/19 19:59:54 [notice] 1#1: start worker process 26
2024/09/19 19:59:54 [notice] 1#1: start worker process 27
2024/09/19 19:59:54 [notice] 1#1: start worker process 28
2024/09/19 19:59:54 [notice] 1#1: start worker process 29
2024/09/19 19:59:54 [notice] 1#1: start worker process 30
2024/09/19 19:59:54 [notice] 1#1: start worker process 31
2024/09/19 19:59:55 [error] 20#20: *1 connect() failed (111: Connection refused) while connecting to upstream, client: 192.168.65.1, server: , request: "GET / HTTP/1.1", upstream: "fastcgi://172.19.0.3:9000", host: "localhost.ykt.ru"
2024/09/19 20:00:05 [error] 20#20: *1 connect() failed (111: Connection refused) while connecting to upstream, client: 192.168.65.1, server: , request: "GET / HTTP/1.1", upstream: "fastcgi://172.19.0.3:9000", host: "localhost.ykt.ru"
2024/09/19 20:00:06 [error] 20#20: *1 connect() failed (111: Connection refused) while connecting to upstream, client: 192.168.65.1, server: , request: "GET / HTTP/1.1", upstream: "fastcgi://172.19.0.3:9000", host: "localhost.ykt.ru"
2024/09/19 20:00:35 [error] 22#22: *6 connect() failed (111: Connection refused) while connecting to upstream, client: 192.168.65.1, server: , request: "GET / HTTP/1.1", upstream: "fastcgi://172.19.0.3:9000", host: "localhost"
2024/09/19 20:01:53 [error] 24#24: *9 connect() failed (111: Connection refused) while connecting to upstream, client: 192.168.65.1, server: , request: "GET / HTTP/1.1", upstream: "fastcgi://172.19.0.3:9000", host: "localhost"
2024/09/19 20:02:07 [notice] 1#1: signal 3 (SIGQUIT) received, shutting down
2024/09/19 20:02:07 [notice] 20#20: gracefully shutting down
2024/09/19 20:02:07 [notice] 21#21: gracefully shutting down
2024/09/19 20:02:07 [notice] 22#22: gracefully shutting down
2024/09/19 20:02:07 [notice] 22#22: exiting
2024/09/19 20:02:07 [notice] 23#23: gracefully shutting down
2024/09/19 20:02:07 [notice] 26#26: gracefully shutting down
2024/09/19 20:02:07 [notice] 24#24: gracefully shutting down
2024/09/19 20:02:07 [notice] 25#25: gracefully shutting down
2024/09/19 20:02:07 [notice] 27#27: gracefully shutting down
2024/09/19 20:02:07 [notice] 29#29: gracefully shutting down
2024/09/19 20:02:07 [notice] 29#29: exiting
2024/09/19 20:02:07 [notice] 28#28: gracefully shutting down
2024/09/19 20:02:07 [notice] 28#28: exiting
2024/09/19 20:02:07 [notice] 30#30: gracefully shutting down
2024/09/19 20:02:07 [notice] 31#31: gracefully shutting down
2024/09/19 20:02:07 [notice] 20#20: exiting
2024/09/19 20:02:07 [notice] 21#21: exiting
2024/09/19 20:02:07 [notice] 22#22: exit
2024/09/19 20:02:07 [notice] 23#23: exiting
2024/09/19 20:02:07 [notice] 26#26: exiting
2024/09/19 20:02:07 [notice] 24#24: exiting
2024/09/19 20:02:07 [notice] 27#27: exiting
2024/09/19 20:02:07 [notice] 29#29: exit
2024/09/19 20:02:07 [notice] 28#28: exit
2024/09/19 20:02:07 [notice] 30#30: exiting
2024/09/19 20:02:07 [notice] 31#31: exiting
2024/09/19 20:02:07 [notice] 20#20: exit
2024/09/19 20:02:07 [notice] 21#21: exit
2024/09/19 20:02:07 [notice] 23#23: exit
2024/09/19 20:02:07 [notice] 26#26: exit
2024/09/19 20:02:07 [notice] 24#24: exit
2024/09/19 20:02:07 [notice] 27#27: exit
2024/09/19 20:02:07 [notice] 30#30: exit
2024/09/19 20:02:07 [notice] 31#31: exit
2024/09/19 20:02:07 [notice] 1#1: signal 17 (SIGCHLD) received from 30
2024/09/19 20:02:07 [notice] 1#1: worker process 20 exited with code 0
2024/09/19 20:02:07 [notice] 1#1: worker process 21 exited with code 0
2024/09/19 20:02:07 [notice] 1#1: worker process 22 exited with code 0
2024/09/19 20:02:07 [notice] 1#1: worker process 23 exited with code 0
2024/09/19 20:02:07 [notice] 1#1: worker process 24 exited with code 0
2024/09/19 20:02:07 [notice] 1#1: worker process 26 exited with code 0
2024/09/19 20:02:07 [notice] 1#1: worker process 27 exited with code 0
2024/09/19 20:02:07 [notice] 1#1: worker process 28 exited with code 0
2024/09/19 20:02:07 [notice] 1#1: worker process 29 exited with code 0
2024/09/19 20:02:07 [notice] 1#1: worker process 30 exited with code 0
2024/09/19 20:02:07 [notice] 1#1: worker process 31 exited with code 0
2024/09/19 20:02:07 [notice] 1#1: signal 29 (SIGIO) received
2024/09/19 20:02:07 [notice] 1#1: signal 17 (SIGCHLD) received from 29
2024/09/19 20:02:14 [error] 25#25: *11 connect() failed (111: Connection refused) while connecting to upstream, client: 192.168.65.1, server: , request: "GET / HTTP/1.1", upstream: "fastcgi://172.19.0.3:9000", host: "localhost"
2024/09/19 20:02:14 [notice] 25#25: exiting
2024/09/19 20:02:14 [notice] 25#25: exit
2024/09/19 20:02:14 [notice] 1#1: signal 17 (SIGCHLD) received from 25
2024/09/19 20:02:14 [notice] 1#1: worker process 25 exited with code 0
2024/09/19 20:02:14 [notice] 1#1: exit
2024/09/19 20:02:14 [notice] 1#1: using the "epoll" event method
2024/09/19 20:02:14 [notice] 1#1: nginx/1.27.1
2024/09/19 20:02:14 [notice] 1#1: built by gcc 13.2.1 20240309 (Alpine 13.2.1_git20240309) 
2024/09/19 20:02:14 [notice] 1#1: OS: Linux 6.6.26-linuxkit
2024/09/19 20:02:14 [notice] 1#1: getrlimit(RLIMIT_NOFILE): 1048576:1048576
2024/09/19 20:02:14 [notice] 1#1: start worker processes
2024/09/19 20:02:14 [notice] 1#1: start worker process 20
2024/09/19 20:02:14 [notice] 1#1: start worker process 21
2024/09/19 20:02:14 [notice] 1#1: start worker process 22
2024/09/19 20:02:14 [notice] 1#1: start worker process 23
2024/09/19 20:02:14 [notice] 1#1: start worker process 24
2024/09/19 20:02:14 [notice] 1#1: start worker process 25
2024/09/19 20:02:14 [notice] 1#1: start worker process 26
2024/09/19 20:02:14 [notice] 1#1: start worker process 27
2024/09/19 20:02:14 [notice] 1#1: start worker process 28
2024/09/19 20:02:14 [notice] 1#1: start worker process 29
2024/09/19 20:02:14 [notice] 1#1: start worker process 30
2024/09/19 20:02:14 [notice] 1#1: start worker process 31
2024/09/19 20:02:19 [error] 20#20: *1 connect() failed (111: Connection refused) while connecting to upstream, client: 192.168.65.1, server: , request: "GET /api/ HTTP/1.1", upstream: "fastcgi://172.19.0.3:9000", host: "localhost"
2024/09/19 20:07:30 [notice] 1#1: signal 3 (SIGQUIT) received, shutting down
2024/09/19 20:07:30 [notice] 20#20: gracefully shutting down
2024/09/19 20:07:30 [notice] 21#21: gracefully shutting down
2024/09/19 20:07:30 [notice] 22#22: gracefully shutting down
2024/09/19 20:07:30 [notice] 22#22: exiting
2024/09/19 20:07:30 [notice] 26#26: gracefully shutting down
2024/09/19 20:07:30 [notice] 30#30: gracefully shutting down
2024/09/19 20:07:30 [notice] 30#30: exiting
2024/09/19 20:07:30 [notice] 29#29: gracefully shutting down
2024/09/19 20:07:30 [notice] 31#31: gracefully shutting down
2024/09/19 20:07:30 [notice] 25#25: gracefully shutting down
2024/09/19 20:07:30 [notice] 23#23: gracefully shutting down
2024/09/19 20:07:30 [notice] 23#23: exiting
2024/09/19 20:07:30 [notice] 24#24: gracefully shutting down
2024/09/19 20:07:30 [notice] 24#24: exiting
2024/09/19 20:07:30 [notice] 27#27: gracefully shutting down
2024/09/19 20:07:30 [notice] 27#27: exiting
2024/09/19 20:07:30 [notice] 28#28: gracefully shutting down
2024/09/19 20:07:30 [notice] 20#20: exiting
2024/09/19 20:07:30 [notice] 21#21: exiting
2024/09/19 20:07:30 [notice] 22#22: exit
2024/09/19 20:07:30 [notice] 26#26: exiting
2024/09/19 20:07:30 [notice] 30#30: exit
2024/09/19 20:07:30 [notice] 29#29: exiting
2024/09/19 20:07:30 [notice] 31#31: exiting
2024/09/19 20:07:30 [notice] 25#25: exiting
2024/09/19 20:07:30 [notice] 23#23: exit
2024/09/19 20:07:30 [notice] 24#24: exit
2024/09/19 20:07:30 [notice] 27#27: exit
2024/09/19 20:07:30 [notice] 28#28: exiting
2024/09/19 20:07:30 [notice] 20#20: exit
2024/09/19 20:07:30 [notice] 28#28: exit
2024/09/19 20:07:30 [notice] 21#21: exit
2024/09/19 20:07:30 [notice] 26#26: exit
2024/09/19 20:07:30 [notice] 29#29: exit
2024/09/19 20:07:30 [notice] 31#31: exit
2024/09/19 20:07:30 [notice] 25#25: exit
2024/09/19 20:07:30 [notice] 1#1: signal 17 (SIGCHLD) received from 23
2024/09/19 20:07:30 [notice] 1#1: worker process 20 exited with code 0
2024/09/19 20:07:30 [notice] 1#1: worker process 21 exited with code 0
2024/09/19 20:07:30 [notice] 1#1: worker process 22 exited with code 0
2024/09/19 20:07:30 [notice] 1#1: worker process 23 exited with code 0
2024/09/19 20:07:30 [notice] 1#1: worker process 24 exited with code 0
2024/09/19 20:07:30 [notice] 1#1: worker process 25 exited with code 0
2024/09/19 20:07:30 [notice] 1#1: worker process 26 exited with code 0
2024/09/19 20:07:30 [notice] 1#1: worker process 27 exited with code 0
2024/09/19 20:07:30 [notice] 1#1: worker process 30 exited with code 0
2024/09/19 20:07:30 [notice] 1#1: worker process 31 exited with code 0
2024/09/19 20:07:30 [notice] 1#1: signal 29 (SIGIO) received
2024/09/19 20:07:30 [notice] 1#1: signal 17 (SIGCHLD) received from 25
2024/09/19 20:07:30 [notice] 1#1: signal 17 (SIGCHLD) received from 28
2024/09/19 20:07:30 [notice] 1#1: worker process 28 exited with code 0
2024/09/19 20:07:30 [notice] 1#1: worker process 29 exited with code 0
2024/09/19 20:07:30 [notice] 1#1: exit
2024/09/19 20:09:33 [notice] 1#1: using the "epoll" event method
2024/09/19 20:09:33 [notice] 1#1: nginx/1.27.1
2024/09/19 20:09:33 [notice] 1#1: built by gcc 13.2.1 20240309 (Alpine 13.2.1_git20240309) 
2024/09/19 20:09:33 [notice] 1#1: OS: Linux 6.6.26-linuxkit
2024/09/19 20:09:33 [notice] 1#1: getrlimit(RLIMIT_NOFILE): 1048576:1048576
2024/09/19 20:09:33 [notice] 1#1: start worker processes
2024/09/19 20:09:33 [notice] 1#1: start worker process 20
2024/09/19 20:09:33 [notice] 1#1: start worker process 21
2024/09/19 20:09:33 [notice] 1#1: start worker process 22
2024/09/19 20:09:33 [notice] 1#1: start worker process 23
2024/09/19 20:09:33 [notice] 1#1: start worker process 24
2024/09/19 20:09:33 [notice] 1#1: start worker process 25
2024/09/19 20:09:33 [notice] 1#1: start worker process 26
2024/09/19 20:09:33 [notice] 1#1: start worker process 27
2024/09/19 20:09:33 [notice] 1#1: start worker process 28
2024/09/19 20:09:33 [notice] 1#1: start worker process 29
2024/09/19 20:09:33 [notice] 1#1: start worker process 30
2024/09/19 20:09:33 [notice] 1#1: start worker process 31
2024/09/19 20:09:39 [notice] 1#1: signal 3 (SIGQUIT) received, shutting down
2024/09/19 20:09:39 [notice] 20#20: gracefully shutting down
2024/09/19 20:09:39 [notice] 24#24: gracefully shutting down
2024/09/19 20:09:39 [notice] 26#26: gracefully shutting down
2024/09/19 20:09:39 [notice] 26#26: exiting
2024/09/19 20:09:39 [notice] 21#21: gracefully shutting down
2024/09/19 20:09:39 [notice] 25#25: gracefully shutting down
2024/09/19 20:09:39 [notice] 23#23: gracefully shutting down
2024/09/19 20:09:39 [notice] 27#27: gracefully shutting down
2024/09/19 20:09:39 [notice] 29#29: gracefully shutting down
2024/09/19 20:09:39 [notice] 30#30: gracefully shutting down
2024/09/19 20:09:39 [notice] 28#28: gracefully shutting down
2024/09/19 20:09:39 [notice] 31#31: gracefully shutting down
2024/09/19 20:09:39 [notice] 22#22: gracefully shutting down
2024/09/19 20:09:39 [notice] 20#20: exiting
2024/09/19 20:09:39 [notice] 24#24: exiting
2024/09/19 20:09:39 [notice] 26#26: exit
2024/09/19 20:09:39 [notice] 21#21: exiting
2024/09/19 20:09:39 [notice] 25#25: exiting
2024/09/19 20:09:39 [notice] 23#23: exiting
2024/09/19 20:09:39 [notice] 27#27: exiting
2024/09/19 20:09:39 [notice] 29#29: exiting
2024/09/19 20:09:39 [notice] 30#30: exiting
2024/09/19 20:09:39 [notice] 28#28: exiting
2024/09/19 20:09:39 [notice] 31#31: exiting
2024/09/19 20:09:39 [notice] 22#22: exiting
2024/09/19 20:09:39 [notice] 20#20: exit
2024/09/19 20:09:39 [notice] 24#24: exit
2024/09/19 20:09:39 [notice] 21#21: exit
2024/09/19 20:09:39 [notice] 25#25: exit
2024/09/19 20:09:39 [notice] 23#23: exit
2024/09/19 20:09:39 [notice] 27#27: exit
2024/09/19 20:09:39 [notice] 29#29: exit
2024/09/19 20:09:39 [notice] 30#30: exit
2024/09/19 20:09:39 [notice] 28#28: exit
2024/09/19 20:09:39 [notice] 31#31: exit
2024/09/19 20:09:39 [notice] 22#22: exit
2024/09/19 20:09:39 [notice] 1#1: signal 17 (SIGCHLD) received from 28
2024/09/19 20:09:39 [notice] 1#1: worker process 22 exited with code 0
2024/09/19 20:09:39 [notice] 1#1: worker process 23 exited with code 0
2024/09/19 20:09:39 [notice] 1#1: worker process 24 exited with code 0
2024/09/19 20:09:39 [notice] 1#1: worker process 27 exited with code 0
2024/09/19 20:09:39 [notice] 1#1: worker process 28 exited with code 0
2024/09/19 20:09:39 [notice] 1#1: worker process 31 exited with code 0
2024/09/19 20:09:39 [notice] 1#1: signal 29 (SIGIO) received
2024/09/19 20:09:39 [notice] 1#1: signal 17 (SIGCHLD) received from 22
2024/09/19 20:09:39 [notice] 1#1: signal 17 (SIGCHLD) received from 20
2024/09/19 20:09:39 [notice] 1#1: worker process 20 exited with code 0
2024/09/19 20:09:39 [notice] 1#1: worker process 21 exited with code 0
2024/09/19 20:09:39 [notice] 1#1: worker process 25 exited with code 0
2024/09/19 20:09:39 [notice] 1#1: worker process 26 exited with code 0
2024/09/19 20:09:39 [notice] 1#1: worker process 29 exited with code 0
2024/09/19 20:09:39 [notice] 1#1: worker process 30 exited with code 0
2024/09/19 20:09:39 [notice] 1#1: exit
2024/09/19 20:48:41 [notice] 1#1: using the "epoll" event method
2024/09/19 20:48:41 [notice] 1#1: nginx/1.27.1
2024/09/19 20:48:41 [notice] 1#1: built by gcc 13.2.1 20240309 (Alpine 13.2.1_git20240309) 
2024/09/19 20:48:41 [notice] 1#1: OS: Linux 6.6.26-linuxkit
2024/09/19 20:48:41 [notice] 1#1: getrlimit(RLIMIT_NOFILE): 1048576:1048576
2024/09/19 20:48:41 [notice] 1#1: start worker processes
2024/09/19 20:48:41 [notice] 1#1: start worker process 20
2024/09/19 20:48:41 [notice] 1#1: start worker process 21
2024/09/19 20:48:41 [notice] 1#1: start worker process 22
2024/09/19 20:48:41 [notice] 1#1: start worker process 23
2024/09/19 20:48:41 [notice] 1#1: start worker process 24
2024/09/19 20:48:41 [notice] 1#1: start worker process 25
2024/09/19 20:48:41 [notice] 1#1: start worker process 26
2024/09/19 20:48:41 [notice] 1#1: start worker process 27
2024/09/19 20:48:41 [notice] 1#1: start worker process 28
2024/09/19 20:48:41 [notice] 1#1: start worker process 29
2024/09/19 20:48:41 [notice] 1#1: start worker process 30
2024/09/19 20:48:41 [notice] 1#1: start worker process 31
2024/09/19 21:46:21 [notice] 1#1: signal 3 (SIGQUIT) received, shutting down
2024/09/19 21:46:21 [notice] 20#20: gracefully shutting down
2024/09/19 21:46:21 [notice] 20#20: exiting
2024/09/19 21:46:21 [notice] 21#21: gracefully shutting down
2024/09/19 21:46:21 [notice] 23#23: gracefully shutting down
2024/09/19 21:46:21 [notice] 22#22: gracefully shutting down
2024/09/19 21:46:21 [notice] 26#26: gracefully shutting down
2024/09/19 21:46:21 [notice] 30#30: gracefully shutting down
2024/09/19 21:46:21 [notice] 30#30: exiting
2024/09/19 21:46:21 [notice] 25#25: gracefully shutting down
2024/09/19 21:46:21 [notice] 24#24: gracefully shutting down
2024/09/19 21:46:21 [notice] 28#28: gracefully shutting down
2024/09/19 21:46:21 [notice] 28#28: exiting
2024/09/19 21:46:21 [notice] 27#27: gracefully shutting down
2024/09/19 21:46:21 [notice] 27#27: exiting
2024/09/19 21:46:21 [notice] 29#29: gracefully shutting down
2024/09/19 21:46:21 [notice] 31#31: gracefully shutting down
2024/09/19 21:46:21 [notice] 31#31: exiting
2024/09/19 21:46:21 [notice] 20#20: exit
2024/09/19 21:46:21 [notice] 21#21: exiting
2024/09/19 21:46:21 [notice] 23#23: exiting
2024/09/19 21:46:21 [notice] 22#22: exiting
2024/09/19 21:46:21 [notice] 26#26: exiting
2024/09/19 21:46:21 [notice] 30#30: exit
2024/09/19 21:46:21 [notice] 25#25: exiting
2024/09/19 21:46:21 [notice] 24#24: exiting
2024/09/19 21:46:21 [notice] 28#28: exit
2024/09/19 21:46:21 [notice] 27#27: exit
2024/09/19 21:46:21 [notice] 29#29: exiting
2024/09/19 21:46:21 [notice] 31#31: exit
2024/09/19 21:46:21 [notice] 29#29: exit
2024/09/19 21:46:21 [notice] 21#21: exit
2024/09/19 21:46:21 [notice] 23#23: exit
2024/09/19 21:46:21 [notice] 22#22: exit
2024/09/19 21:46:21 [notice] 26#26: exit
2024/09/19 21:46:21 [notice] 25#25: exit
2024/09/19 21:46:21 [notice] 24#24: exit
2024/09/19 21:46:21 [notice] 1#1: signal 17 (SIGCHLD) received from 26
2024/09/19 21:46:21 [notice] 1#1: worker process 20 exited with code 0
2024/09/19 21:46:21 [notice] 1#1: worker process 22 exited with code 0
2024/09/19 21:46:21 [notice] 1#1: worker process 24 exited with code 0
2024/09/19 21:46:21 [notice] 1#1: worker process 26 exited with code 0
2024/09/19 21:46:21 [notice] 1#1: worker process 27 exited with code 0
2024/09/19 21:46:21 [notice] 1#1: worker process 28 exited with code 0
2024/09/19 21:46:21 [notice] 1#1: worker process 29 exited with code 0
2024/09/19 21:46:21 [notice] 1#1: worker process 30 exited with code 0
2024/09/19 21:46:21 [notice] 1#1: worker process 31 exited with code 0
2024/09/19 21:46:21 [notice] 1#1: signal 29 (SIGIO) received
2024/09/19 21:46:21 [notice] 1#1: signal 17 (SIGCHLD) received from 29
2024/09/19 21:46:21 [notice] 1#1: signal 17 (SIGCHLD) received from 23
2024/09/19 21:46:21 [notice] 1#1: worker process 23 exited with code 0
2024/09/19 21:46:21 [notice] 1#1: signal 29 (SIGIO) received
2024/09/19 21:46:21 [notice] 1#1: signal 17 (SIGCHLD) received from 21
2024/09/19 21:46:21 [notice] 1#1: worker process 21 exited with code 0
2024/09/19 21:46:21 [notice] 1#1: worker process 25 exited with code 0
2024/09/19 21:46:21 [notice] 1#1: exit
2024/09/19 21:46:39 [notice] 1#1: using the "epoll" event method
2024/09/19 21:46:39 [notice] 1#1: nginx/1.27.1
2024/09/19 21:46:39 [notice] 1#1: built by gcc 13.2.1 20240309 (Alpine 13.2.1_git20240309) 
2024/09/19 21:46:39 [notice] 1#1: OS: Linux 6.6.26-linuxkit
2024/09/19 21:46:39 [notice] 1#1: getrlimit(RLIMIT_NOFILE): 1048576:1048576
2024/09/19 21:46:39 [notice] 1#1: start worker processes
2024/09/19 21:46:39 [notice] 1#1: start worker process 20
2024/09/19 21:46:39 [notice] 1#1: start worker process 21
2024/09/19 21:46:39 [notice] 1#1: start worker process 22
2024/09/19 21:46:39 [notice] 1#1: start worker process 23
2024/09/19 21:46:39 [notice] 1#1: start worker process 24
2024/09/19 21:46:39 [notice] 1#1: start worker process 25
2024/09/19 21:46:39 [notice] 1#1: start worker process 26
2024/09/19 21:46:39 [notice] 1#1: start worker process 27
2024/09/19 21:46:39 [notice] 1#1: start worker process 28
2024/09/19 21:46:39 [notice] 1#1: start worker process 29
2024/09/19 21:46:39 [notice] 1#1: start worker process 30
2024/09/19 21:46:39 [notice] 1#1: start worker process 31
2024/09/20 16:18:50 [notice] 1#1: signal 3 (SIGQUIT) received, shutting down
2024/09/20 16:18:50 [notice] 20#20: gracefully shutting down
2024/09/20 16:18:50 [notice] 21#21: gracefully shutting down
2024/09/20 16:18:50 [notice] 24#24: gracefully shutting down
2024/09/20 16:18:50 [notice] 22#22: gracefully shutting down
2024/09/20 16:18:50 [notice] 23#23: gracefully shutting down
2024/09/20 16:18:50 [notice] 30#30: gracefully shutting down
2024/09/20 16:18:50 [notice] 28#28: gracefully shutting down
2024/09/20 16:18:50 [notice] 30#30: exiting
2024/09/20 16:18:50 [notice] 29#29: gracefully shutting down
2024/09/20 16:18:50 [notice] 25#25: gracefully shutting down
2024/09/20 16:18:50 [notice] 26#26: gracefully shutting down
2024/09/20 16:18:50 [notice] 31#31: gracefully shutting down
2024/09/20 16:18:50 [notice] 27#27: gracefully shutting down
2024/09/20 16:18:50 [notice] 20#20: exiting
2024/09/20 16:18:50 [notice] 27#27: exiting
2024/09/20 16:18:50 [notice] 21#21: exiting
2024/09/20 16:18:50 [notice] 24#24: exiting
2024/09/20 16:18:50 [notice] 22#22: exiting
2024/09/20 16:18:50 [notice] 24#24: exit
2024/09/20 16:18:50 [notice] 23#23: exiting
2024/09/20 16:18:50 [notice] 28#28: exiting
2024/09/20 16:18:50 [notice] 23#23: exit
2024/09/20 16:18:50 [notice] 30#30: exit
2024/09/20 16:18:50 [notice] 29#29: exiting
2024/09/20 16:18:50 [notice] 25#25: exiting
2024/09/20 16:18:50 [notice] 26#26: exiting
2024/09/20 16:18:50 [notice] 31#31: exiting
2024/09/20 16:18:50 [notice] 26#26: exit
2024/09/20 16:18:50 [notice] 20#20: exit
2024/09/20 16:18:50 [notice] 27#27: exit
2024/09/20 16:18:50 [notice] 21#21: exit
2024/09/20 16:18:50 [notice] 22#22: exit
2024/09/20 16:18:50 [notice] 28#28: exit
2024/09/20 16:18:50 [notice] 29#29: exit
2024/09/20 16:18:50 [notice] 25#25: exit
2024/09/20 16:18:50 [notice] 31#31: exit
2024/09/20 16:18:50 [notice] 1#1: signal 17 (SIGCHLD) received from 22
2024/09/20 16:18:50 [notice] 1#1: worker process 20 exited with code 0
2024/09/20 16:18:50 [notice] 1#1: worker process 21 exited with code 0
2024/09/20 16:18:50 [notice] 1#1: worker process 22 exited with code 0
2024/09/20 16:18:50 [notice] 1#1: worker process 25 exited with code 0
2024/09/20 16:18:50 [notice] 1#1: signal 29 (SIGIO) received
2024/09/20 16:18:50 [notice] 1#1: signal 17 (SIGCHLD) received from 21
2024/09/20 16:18:50 [notice] 1#1: signal 17 (SIGCHLD) received from 23
2024/09/20 16:18:50 [notice] 1#1: worker process 23 exited with code 0
2024/09/20 16:18:50 [notice] 1#1: worker process 24 exited with code 0
2024/09/20 16:18:50 [notice] 1#1: worker process 26 exited with code 0
2024/09/20 16:18:50 [notice] 1#1: worker process 29 exited with code 0
2024/09/20 16:18:50 [notice] 1#1: worker process 30 exited with code 0
2024/09/20 16:18:50 [notice] 1#1: worker process 31 exited with code 0
2024/09/20 16:18:50 [notice] 1#1: signal 29 (SIGIO) received
2024/09/20 16:18:50 [notice] 1#1: signal 17 (SIGCHLD) received from 31
2024/09/20 16:18:50 [notice] 1#1: signal 17 (SIGCHLD) received from 28
2024/09/20 16:18:50 [notice] 1#1: worker process 27 exited with code 0
2024/09/20 16:18:50 [notice] 1#1: worker process 28 exited with code 0
2024/09/20 16:18:50 [notice] 1#1: exit
2024/09/21 10:21:40 [notice] 1#1: using the "epoll" event method
2024/09/21 10:21:40 [notice] 1#1: nginx/1.27.1
2024/09/21 10:21:40 [notice] 1#1: built by gcc 13.2.1 20240309 (Alpine 13.2.1_git20240309) 
2024/09/21 10:21:40 [notice] 1#1: OS: Linux 6.6.26-linuxkit
2024/09/21 10:21:40 [notice] 1#1: getrlimit(RLIMIT_NOFILE): 1048576:1048576
2024/09/21 10:21:40 [notice] 1#1: start worker processes
2024/09/21 10:21:40 [notice] 1#1: start worker process 20
2024/09/21 10:21:40 [notice] 1#1: start worker process 21
2024/09/21 10:21:40 [notice] 1#1: start worker process 22
2024/09/21 10:21:40 [notice] 1#1: start worker process 23
2024/09/21 10:21:40 [notice] 1#1: start worker process 24
2024/09/21 10:21:40 [notice] 1#1: start worker process 25
2024/09/21 10:21:40 [notice] 1#1: start worker process 26
2024/09/21 10:21:40 [notice] 1#1: start worker process 27
2024/09/21 10:21:40 [notice] 1#1: start worker process 28
2024/09/21 10:21:40 [notice] 1#1: start worker process 29
2024/09/21 10:21:40 [notice] 1#1: start worker process 30
2024/09/21 10:21:40 [notice] 1#1: start worker process 31
2024/09/21 21:32:35 [notice] 1#1: signal 3 (SIGQUIT) received, shutting down
2024/09/21 21:32:35 [notice] 20#20: gracefully shutting down
2024/09/21 21:32:35 [notice] 21#21: gracefully shutting down
2024/09/21 21:32:35 [notice] 26#26: gracefully shutting down
2024/09/21 21:32:35 [notice] 22#22: gracefully shutting down
2024/09/21 21:32:35 [notice] 25#25: gracefully shutting down
2024/09/21 21:32:35 [notice] 29#29: gracefully shutting down
2024/09/21 21:32:35 [notice] 30#30: gracefully shutting down
2024/09/21 21:32:35 [notice] 28#28: gracefully shutting down
2024/09/21 21:32:35 [notice] 31#31: gracefully shutting down
2024/09/21 21:32:35 [notice] 27#27: gracefully shutting down
2024/09/21 21:32:35 [notice] 24#24: gracefully shutting down
2024/09/21 21:32:35 [notice] 23#23: gracefully shutting down
2024/09/21 21:32:35 [notice] 20#20: exiting
2024/09/21 21:32:35 [notice] 23#23: exiting
2024/09/21 21:32:35 [notice] 21#21: exiting
2024/09/21 21:32:35 [notice] 26#26: exiting
2024/09/21 21:32:35 [notice] 22#22: exiting
2024/09/21 21:32:35 [notice] 26#26: exit
2024/09/21 21:32:35 [notice] 25#25: exiting
2024/09/21 21:32:35 [notice] 29#29: exiting
2024/09/21 21:32:35 [notice] 30#30: exiting
2024/09/21 21:32:35 [notice] 28#28: exiting
2024/09/21 21:32:35 [notice] 31#31: exiting
2024/09/21 21:32:35 [notice] 27#27: exiting
2024/09/21 21:32:35 [notice] 24#24: exiting
2024/09/21 21:32:35 [notice] 20#20: exit
2024/09/21 21:32:35 [notice] 24#24: exit
2024/09/21 21:32:35 [notice] 23#23: exit
2024/09/21 21:32:35 [notice] 21#21: exit
2024/09/21 21:32:35 [notice] 22#22: exit
2024/09/21 21:32:35 [notice] 25#25: exit
2024/09/21 21:32:35 [notice] 29#29: exit
2024/09/21 21:32:35 [notice] 30#30: exit
2024/09/21 21:32:35 [notice] 28#28: exit
2024/09/21 21:32:35 [notice] 31#31: exit
2024/09/21 21:32:35 [notice] 27#27: exit
2024/09/21 21:32:35 [notice] 1#1: signal 17 (SIGCHLD) received from 20
2024/09/21 21:32:35 [notice] 1#1: worker process 20 exited with code 0
2024/09/21 21:32:35 [notice] 1#1: worker process 23 exited with code 0
2024/09/21 21:32:35 [notice] 1#1: worker process 28 exited with code 0
2024/09/21 21:32:35 [notice] 1#1: worker process 29 exited with code 0
2024/09/21 21:32:35 [notice] 1#1: signal 29 (SIGIO) received
2024/09/21 21:32:35 [notice] 1#1: signal 17 (SIGCHLD) received from 28
2024/09/21 21:32:35 [notice] 1#1: signal 17 (SIGCHLD) received from 30
2024/09/21 21:32:35 [notice] 1#1: worker process 30 exited with code 0
2024/09/21 21:32:35 [notice] 1#1: signal 29 (SIGIO) received
2024/09/21 21:32:35 [notice] 1#1: signal 17 (SIGCHLD) received from 24
2024/09/21 21:32:35 [notice] 1#1: worker process 21 exited with code 0
2024/09/21 21:32:35 [notice] 1#1: worker process 24 exited with code 0
2024/09/21 21:32:35 [notice] 1#1: worker process 25 exited with code 0
2024/09/21 21:32:35 [notice] 1#1: worker process 27 exited with code 0
2024/09/21 21:32:35 [notice] 1#1: signal 29 (SIGIO) received
2024/09/21 21:32:35 [notice] 1#1: signal 17 (SIGCHLD) received from 25
2024/09/21 21:32:35 [notice] 1#1: signal 17 (SIGCHLD) received from 31
2024/09/21 21:32:35 [notice] 1#1: worker process 22 exited with code 0
2024/09/21 21:32:35 [notice] 1#1: worker process 26 exited with code 0
2024/09/21 21:32:35 [notice] 1#1: worker process 31 exited with code 0
2024/09/21 21:32:35 [notice] 1#1: exit
2024/09/21 23:00:11 [notice] 1#1: using the "epoll" event method
2024/09/21 23:00:11 [notice] 1#1: nginx/1.27.1
2024/09/21 23:00:11 [notice] 1#1: built by gcc 13.2.1 20240309 (Alpine 13.2.1_git20240309) 
2024/09/21 23:00:11 [notice] 1#1: OS: Linux 6.6.26-linuxkit
2024/09/21 23:00:11 [notice] 1#1: getrlimit(RLIMIT_NOFILE): 1048576:1048576
2024/09/21 23:00:11 [notice] 1#1: start worker processes
2024/09/21 23:00:11 [notice] 1#1: start worker process 20
2024/09/21 23:00:11 [notice] 1#1: start worker process 21
2024/09/21 23:00:11 [notice] 1#1: start worker process 22
2024/09/21 23:00:11 [notice] 1#1: start worker process 23
2024/09/21 23:00:11 [notice] 1#1: start worker process 24
2024/09/21 23:00:11 [notice] 1#1: start worker process 25
2024/09/21 23:00:11 [notice] 1#1: start worker process 26
2024/09/21 23:00:11 [notice] 1#1: start worker process 27
2024/09/21 23:00:11 [notice] 1#1: start worker process 28
2024/09/21 23:00:11 [notice] 1#1: start worker process 29
2024/09/21 23:00:11 [notice] 1#1: start worker process 30
2024/09/21 23:00:11 [notice] 1#1: start worker process 31
2024/09/23 06:25:00 [notice] 1#1: signal 3 (SIGQUIT) received, shutting down
2024/09/23 06:25:00 [notice] 20#20: gracefully shutting down
2024/09/23 06:25:00 [notice] 21#21: gracefully shutting down
2024/09/23 06:25:00 [notice] 22#22: gracefully shutting down
2024/09/23 06:25:00 [notice] 24#24: gracefully shutting down
2024/09/23 06:25:00 [notice] 24#24: exiting
2024/09/23 06:25:00 [notice] 26#26: gracefully shutting down
2024/09/23 06:25:00 [notice] 29#29: gracefully shutting down
2024/09/23 06:25:00 [notice] 30#30: gracefully shutting down
2024/09/23 06:25:00 [notice] 25#25: gracefully shutting down
2024/09/23 06:25:00 [notice] 31#31: gracefully shutting down
2024/09/23 06:25:00 [notice] 28#28: gracefully shutting down
2024/09/23 06:25:00 [notice] 27#27: gracefully shutting down
2024/09/23 06:25:00 [notice] 23#23: gracefully shutting down
2024/09/23 06:25:00 [notice] 20#20: exiting
2024/09/23 06:25:00 [notice] 21#21: exiting
2024/09/23 06:25:00 [notice] 22#22: exiting
2024/09/23 06:25:00 [notice] 22#22: exit
2024/09/23 06:25:00 [notice] 24#24: exit
2024/09/23 06:25:00 [notice] 26#26: exiting
2024/09/23 06:25:00 [notice] 29#29: exiting
2024/09/23 06:25:00 [notice] 30#30: exiting
2024/09/23 06:25:00 [notice] 25#25: exiting
2024/09/23 06:25:00 [notice] 31#31: exiting
2024/09/23 06:25:00 [notice] 28#28: exiting
2024/09/23 06:25:00 [notice] 27#27: exiting
2024/09/23 06:25:00 [notice] 23#23: exiting
2024/09/23 06:25:00 [notice] 20#20: exit
2024/09/23 06:25:00 [notice] 21#21: exit
2024/09/23 06:25:00 [notice] 26#26: exit
2024/09/23 06:25:00 [notice] 29#29: exit
2024/09/23 06:25:00 [notice] 30#30: exit
2024/09/23 06:25:00 [notice] 25#25: exit
2024/09/23 06:25:00 [notice] 31#31: exit
2024/09/23 06:25:00 [notice] 28#28: exit
2024/09/23 06:25:00 [notice] 27#27: exit
2024/09/23 06:25:00 [notice] 23#23: exit
2024/09/23 06:25:00 [notice] 1#1: signal 17 (SIGCHLD) received from 22
2024/09/23 06:25:00 [notice] 1#1: worker process 20 exited with code 0
2024/09/23 06:25:00 [notice] 1#1: worker process 21 exited with code 0
2024/09/23 06:25:00 [notice] 1#1: worker process 22 exited with code 0
2024/09/23 06:25:00 [notice] 1#1: worker process 24 exited with code 0
2024/09/23 06:25:00 [notice] 1#1: worker process 25 exited with code 0
2024/09/23 06:25:00 [notice] 1#1: worker process 26 exited with code 0
2024/09/23 06:25:00 [notice] 1#1: worker process 28 exited with code 0
2024/09/23 06:25:00 [notice] 1#1: worker process 29 exited with code 0
2024/09/23 06:25:00 [notice] 1#1: worker process 31 exited with code 0
2024/09/23 06:25:00 [notice] 1#1: signal 29 (SIGIO) received
2024/09/23 06:25:00 [notice] 1#1: signal 17 (SIGCHLD) received from 21
2024/09/23 06:25:00 [notice] 1#1: signal 17 (SIGCHLD) received from 27
2024/09/23 06:25:00 [notice] 1#1: worker process 23 exited with code 0
2024/09/23 06:25:00 [notice] 1#1: worker process 27 exited with code 0
2024/09/23 06:25:00 [notice] 1#1: worker process 30 exited with code 0
2024/09/23 06:25:00 [notice] 1#1: exit
2024/09/23 11:04:52 [notice] 1#1: using the "epoll" event method
2024/09/23 11:04:52 [notice] 1#1: nginx/1.27.1
2024/09/23 11:04:52 [notice] 1#1: built by gcc 13.2.1 20240309 (Alpine 13.2.1_git20240309) 
2024/09/23 11:04:52 [notice] 1#1: OS: Linux 6.6.26-linuxkit
2024/09/23 11:04:52 [notice] 1#1: getrlimit(RLIMIT_NOFILE): 1048576:1048576
2024/09/23 11:04:52 [notice] 1#1: start worker processes
2024/09/23 11:04:52 [notice] 1#1: start worker process 20
2024/09/23 11:04:52 [notice] 1#1: start worker process 21
2024/09/23 11:04:52 [notice] 1#1: start worker process 22
2024/09/23 11:04:52 [notice] 1#1: start worker process 23
2024/09/23 11:04:52 [notice] 1#1: start worker process 24
2024/09/23 11:04:52 [notice] 1#1: start worker process 25
2024/09/23 11:04:52 [notice] 1#1: start worker process 26
2024/09/23 11:04:52 [notice] 1#1: start worker process 27
2024/09/23 11:04:52 [notice] 1#1: start worker process 28
2024/09/23 11:04:52 [notice] 1#1: start worker process 29
2024/09/23 11:04:52 [notice] 1#1: start worker process 30
2024/09/23 11:04:52 [notice] 1#1: start worker process 31
2024/09/23 22:58:28 [notice] 1#1: signal 3 (SIGQUIT) received, shutting down
2024/09/23 22:58:28 [notice] 22#22: gracefully shutting down
2024/09/23 22:58:28 [notice] 21#21: gracefully shutting down
2024/09/23 22:58:28 [notice] 20#20: gracefully shutting down
2024/09/23 22:58:28 [notice] 23#23: gracefully shutting down
2024/09/23 22:58:28 [notice] 31#31: gracefully shutting down
2024/09/23 22:58:28 [notice] 28#28: gracefully shutting down
2024/09/23 22:58:28 [notice] 24#24: gracefully shutting down
2024/09/23 22:58:28 [notice] 28#28: exiting
2024/09/23 22:58:28 [notice] 30#30: gracefully shutting down
2024/09/23 22:58:28 [notice] 26#26: gracefully shutting down
2024/09/23 22:58:28 [notice] 30#30: exiting
2024/09/23 22:58:28 [notice] 25#25: gracefully shutting down
2024/09/23 22:58:28 [notice] 29#29: gracefully shutting down
2024/09/23 22:58:28 [notice] 27#27: gracefully shutting down
2024/09/23 22:58:28 [notice] 22#22: exiting
2024/09/23 22:58:28 [notice] 21#21: exiting
2024/09/23 22:58:28 [notice] 20#20: exiting
2024/09/23 22:58:28 [notice] 23#23: exiting
2024/09/23 22:58:28 [notice] 31#31: exiting
2024/09/23 22:58:28 [notice] 24#24: exiting
2024/09/23 22:58:28 [notice] 28#28: exit
2024/09/23 22:58:28 [notice] 26#26: exiting
2024/09/23 22:58:28 [notice] 30#30: exit
2024/09/23 22:58:28 [notice] 26#26: exit
2024/09/23 22:58:28 [notice] 25#25: exiting
2024/09/23 22:58:28 [notice] 29#29: exiting
2024/09/23 22:58:28 [notice] 25#25: exit
2024/09/23 22:58:28 [notice] 27#27: exiting
2024/09/23 22:58:28 [notice] 22#22: exit
2024/09/23 22:58:28 [notice] 21#21: exit
2024/09/23 22:58:28 [notice] 20#20: exit
2024/09/23 22:58:28 [notice] 23#23: exit
2024/09/23 22:58:28 [notice] 31#31: exit
2024/09/23 22:58:28 [notice] 24#24: exit
2024/09/23 22:58:28 [notice] 29#29: exit
2024/09/23 22:58:28 [notice] 27#27: exit
2024/09/23 22:58:28 [notice] 1#1: signal 17 (SIGCHLD) received from 30
2024/09/23 22:58:28 [notice] 1#1: worker process 20 exited with code 0
2024/09/23 22:58:28 [notice] 1#1: worker process 22 exited with code 0
2024/09/23 22:58:28 [notice] 1#1: worker process 26 exited with code 0
2024/09/23 22:58:28 [notice] 1#1: worker process 28 exited with code 0
2024/09/23 22:58:28 [notice] 1#1: worker process 30 exited with code 0
2024/09/23 22:58:28 [notice] 1#1: signal 29 (SIGIO) received
2024/09/23 22:58:28 [notice] 1#1: signal 17 (SIGCHLD) received from 28
2024/09/23 22:58:28 [notice] 1#1: signal 17 (SIGCHLD) received from 21
2024/09/23 22:58:28 [notice] 1#1: worker process 21 exited with code 0
2024/09/23 22:58:28 [notice] 1#1: worker process 23 exited with code 0
2024/09/23 22:58:28 [notice] 1#1: worker process 24 exited with code 0
2024/09/23 22:58:28 [notice] 1#1: worker process 25 exited with code 0
2024/09/23 22:58:28 [notice] 1#1: worker process 27 exited with code 0
2024/09/23 22:58:28 [notice] 1#1: worker process 29 exited with code 0
2024/09/23 22:58:28 [notice] 1#1: worker process 31 exited with code 0
2024/09/23 22:58:28 [notice] 1#1: exit
2024/09/23 22:58:32 [notice] 1#1: using the "epoll" event method
2024/09/23 22:58:32 [notice] 1#1: nginx/1.27.1
2024/09/23 22:58:32 [notice] 1#1: built by gcc 13.2.1 20240309 (Alpine 13.2.1_git20240309) 
2024/09/23 22:58:32 [notice] 1#1: OS: Linux 6.6.26-linuxkit
2024/09/23 22:58:32 [notice] 1#1: getrlimit(RLIMIT_NOFILE): 1048576:1048576
2024/09/23 22:58:32 [notice] 1#1: start worker processes
2024/09/23 22:58:32 [notice] 1#1: start worker process 20
2024/09/23 22:58:32 [notice] 1#1: start worker process 21
2024/09/23 22:58:32 [notice] 1#1: start worker process 22
2024/09/23 22:58:32 [notice] 1#1: start worker process 23
2024/09/23 22:58:32 [notice] 1#1: start worker process 24
2024/09/23 22:58:32 [notice] 1#1: start worker process 25
2024/09/23 22:58:32 [notice] 1#1: start worker process 26
2024/09/23 22:58:32 [notice] 1#1: start worker process 27
2024/09/23 22:58:32 [notice] 1#1: start worker process 28
2024/09/23 22:58:32 [notice] 1#1: start worker process 29
2024/09/23 22:58:32 [notice] 1#1: start worker process 30
2024/09/23 22:58:32 [notice] 1#1: start worker process 31
2024/09/23 23:54:30 [notice] 1#1: signal 3 (SIGQUIT) received, shutting down
2024/09/23 23:54:30 [notice] 20#20: gracefully shutting down
2024/09/23 23:54:30 [notice] 22#22: gracefully shutting down
2024/09/23 23:54:30 [notice] 24#24: gracefully shutting down
2024/09/23 23:54:30 [notice] 24#24: exiting
2024/09/23 23:54:30 [notice] 29#29: gracefully shutting down
2024/09/23 23:54:30 [notice] 25#25: gracefully shutting down
2024/09/23 23:54:30 [notice] 27#27: gracefully shutting down
2024/09/23 23:54:30 [notice] 30#30: gracefully shutting down
2024/09/23 23:54:30 [notice] 26#26: gracefully shutting down
2024/09/23 23:54:30 [notice] 28#28: gracefully shutting down
2024/09/23 23:54:30 [notice] 31#31: gracefully shutting down
2024/09/23 23:54:30 [notice] 21#21: gracefully shutting down
2024/09/23 23:54:30 [notice] 23#23: gracefully shutting down
2024/09/23 23:54:30 [notice] 20#20: exiting
2024/09/23 23:54:30 [notice] 22#22: exiting
2024/09/23 23:54:30 [notice] 24#24: exit
2024/09/23 23:54:30 [notice] 29#29: exiting
2024/09/23 23:54:30 [notice] 25#25: exiting
2024/09/23 23:54:30 [notice] 27#27: exiting
2024/09/23 23:54:30 [notice] 30#30: exiting
2024/09/23 23:54:30 [notice] 26#26: exiting
2024/09/23 23:54:30 [notice] 28#28: exiting
2024/09/23 23:54:30 [notice] 31#31: exiting
2024/09/23 23:54:30 [notice] 21#21: exiting
2024/09/23 23:54:30 [notice] 23#23: exiting
2024/09/23 23:54:30 [notice] 20#20: exit
2024/09/23 23:54:30 [notice] 22#22: exit
2024/09/23 23:54:30 [notice] 29#29: exit
2024/09/23 23:54:30 [notice] 25#25: exit
2024/09/23 23:54:30 [notice] 27#27: exit
2024/09/23 23:54:30 [notice] 30#30: exit
2024/09/23 23:54:30 [notice] 26#26: exit
2024/09/23 23:54:30 [notice] 28#28: exit
2024/09/23 23:54:30 [notice] 31#31: exit
2024/09/23 23:54:30 [notice] 21#21: exit
2024/09/23 23:54:30 [notice] 23#23: exit
2024/09/23 23:54:30 [notice] 1#1: signal 17 (SIGCHLD) received from 20
2024/09/23 23:54:30 [notice] 1#1: worker process 20 exited with code 0
2024/09/23 23:54:30 [notice] 1#1: worker process 22 exited with code 0
2024/09/23 23:54:30 [notice] 1#1: worker process 24 exited with code 0
2024/09/23 23:54:30 [notice] 1#1: worker process 25 exited with code 0
2024/09/23 23:54:30 [notice] 1#1: worker process 26 exited with code 0
2024/09/23 23:54:30 [notice] 1#1: worker process 30 exited with code 0
2024/09/23 23:54:30 [notice] 1#1: worker process 31 exited with code 0
2024/09/23 23:54:30 [notice] 1#1: signal 29 (SIGIO) received
2024/09/23 23:54:30 [notice] 1#1: signal 17 (SIGCHLD) received from 25
2024/09/23 23:54:30 [notice] 1#1: signal 17 (SIGCHLD) received from 29
2024/09/23 23:54:30 [notice] 1#1: worker process 21 exited with code 0
2024/09/23 23:54:30 [notice] 1#1: worker process 23 exited with code 0
2024/09/23 23:54:30 [notice] 1#1: worker process 27 exited with code 0
2024/09/23 23:54:30 [notice] 1#1: worker process 28 exited with code 0
2024/09/23 23:54:30 [notice] 1#1: worker process 29 exited with code 0
2024/09/23 23:54:30 [notice] 1#1: exit
2024/09/23 23:54:35 [notice] 1#1: using the "epoll" event method
2024/09/23 23:54:35 [notice] 1#1: nginx/1.27.1
2024/09/23 23:54:35 [notice] 1#1: built by gcc 13.2.1 20240309 (Alpine 13.2.1_git20240309) 
2024/09/23 23:54:35 [notice] 1#1: OS: Linux 6.6.26-linuxkit
2024/09/23 23:54:35 [notice] 1#1: getrlimit(RLIMIT_NOFILE): 1048576:1048576
2024/09/23 23:54:35 [notice] 1#1: start worker processes
2024/09/23 23:54:35 [notice] 1#1: start worker process 20
2024/09/23 23:54:35 [notice] 1#1: start worker process 21
2024/09/23 23:54:35 [notice] 1#1: start worker process 22
2024/09/23 23:54:35 [notice] 1#1: start worker process 23
2024/09/23 23:54:35 [notice] 1#1: start worker process 24
2024/09/23 23:54:35 [notice] 1#1: start worker process 25
2024/09/23 23:54:35 [notice] 1#1: start worker process 26
2024/09/23 23:54:35 [notice] 1#1: start worker process 27
2024/09/23 23:54:35 [notice] 1#1: start worker process 28
2024/09/23 23:54:35 [notice] 1#1: start worker process 29
2024/09/23 23:54:35 [notice] 1#1: start worker process 30
2024/09/23 23:54:35 [notice] 1#1: start worker process 31
2024/09/23 23:55:19 [notice] 1#1: signal 3 (SIGQUIT) received, shutting down
2024/09/23 23:55:19 [notice] 20#20: gracefully shutting down
2024/09/23 23:55:19 [notice] 21#21: gracefully shutting down
2024/09/23 23:55:19 [notice] 21#21: exiting
2024/09/23 23:55:19 [notice] 22#22: gracefully shutting down
2024/09/23 23:55:19 [notice] 25#25: gracefully shutting down
2024/09/23 23:55:19 [notice] 23#23: gracefully shutting down
2024/09/23 23:55:19 [notice] 26#26: gracefully shutting down
2024/09/23 23:55:19 [notice] 27#27: gracefully shutting down
2024/09/23 23:55:19 [notice] 30#30: gracefully shutting down
2024/09/23 23:55:19 [notice] 30#30: exiting
2024/09/23 23:55:19 [notice] 29#29: gracefully shutting down
2024/09/23 23:55:19 [notice] 31#31: gracefully shutting down
2024/09/23 23:55:19 [notice] 24#24: gracefully shutting down
2024/09/23 23:55:19 [notice] 28#28: gracefully shutting down
2024/09/23 23:55:19 [notice] 20#20: exiting
2024/09/23 23:55:19 [notice] 21#21: exit
2024/09/23 23:55:19 [notice] 22#22: exiting
2024/09/23 23:55:19 [notice] 25#25: exiting
2024/09/23 23:55:19 [notice] 23#23: exiting
2024/09/23 23:55:19 [notice] 26#26: exiting
2024/09/23 23:55:19 [notice] 27#27: exiting
2024/09/23 23:55:19 [notice] 30#30: exit
2024/09/23 23:55:19 [notice] 29#29: exiting
2024/09/23 23:55:19 [notice] 31#31: exiting
2024/09/23 23:55:19 [notice] 24#24: exiting
2024/09/23 23:55:19 [notice] 28#28: exiting
2024/09/23 23:55:19 [notice] 20#20: exit
2024/09/23 23:55:19 [notice] 22#22: exit
2024/09/23 23:55:19 [notice] 25#25: exit
2024/09/23 23:55:19 [notice] 23#23: exit
2024/09/23 23:55:19 [notice] 26#26: exit
2024/09/23 23:55:19 [notice] 27#27: exit
2024/09/23 23:55:19 [notice] 29#29: exit
2024/09/23 23:55:19 [notice] 31#31: exit
2024/09/23 23:55:19 [notice] 24#24: exit
2024/09/23 23:55:19 [notice] 28#28: exit
2024/09/23 23:55:19 [notice] 1#1: signal 17 (SIGCHLD) received from 24
2024/09/23 23:55:19 [notice] 1#1: worker process 20 exited with code 0
2024/09/23 23:55:19 [notice] 1#1: worker process 21 exited with code 0
2024/09/23 23:55:19 [notice] 1#1: worker process 22 exited with code 0
2024/09/23 23:55:19 [notice] 1#1: worker process 23 exited with code 0
2024/09/23 23:55:19 [notice] 1#1: worker process 24 exited with code 0
2024/09/23 23:55:19 [notice] 1#1: worker process 25 exited with code 0
2024/09/23 23:55:19 [notice] 1#1: worker process 28 exited with code 0
2024/09/23 23:55:19 [notice] 1#1: worker process 29 exited with code 0
2024/09/23 23:55:19 [notice] 1#1: worker process 31 exited with code 0
2024/09/23 23:55:19 [notice] 1#1: signal 29 (SIGIO) received
2024/09/23 23:55:19 [notice] 1#1: signal 17 (SIGCHLD) received from 20
2024/09/23 23:55:19 [notice] 1#1: signal 17 (SIGCHLD) received from 27
2024/09/23 23:55:19 [notice] 1#1: worker process 26 exited with code 0
2024/09/23 23:55:19 [notice] 1#1: worker process 27 exited with code 0
2024/09/23 23:55:19 [notice] 1#1: worker process 30 exited with code 0
2024/09/23 23:55:19 [notice] 1#1: exit
2024/09/24 03:47:02 [notice] 1#1: using the "epoll" event method
2024/09/24 03:47:02 [notice] 1#1: nginx/1.27.1
2024/09/24 03:47:02 [notice] 1#1: built by gcc 13.2.1 20240309 (Alpine 13.2.1_git20240309) 
2024/09/24 03:47:02 [notice] 1#1: OS: Linux 6.6.26-linuxkit
2024/09/24 03:47:02 [notice] 1#1: getrlimit(RLIMIT_NOFILE): 1048576:1048576
2024/09/24 03:47:02 [notice] 1#1: start worker processes
2024/09/24 03:47:02 [notice] 1#1: start worker process 20
2024/09/24 03:47:02 [notice] 1#1: start worker process 21
2024/09/24 03:47:02 [notice] 1#1: start worker process 22
2024/09/24 03:47:02 [notice] 1#1: start worker process 23
2024/09/24 03:47:02 [notice] 1#1: start worker process 24
2024/09/24 03:47:02 [notice] 1#1: start worker process 25
2024/09/24 03:47:02 [notice] 1#1: start worker process 26
2024/09/24 03:47:02 [notice] 1#1: start worker process 27
2024/09/24 03:47:02 [notice] 1#1: start worker process 28
2024/09/24 03:47:02 [notice] 1#1: start worker process 29
2024/09/24 03:47:02 [notice] 1#1: start worker process 30
2024/09/24 03:47:02 [notice] 1#1: start worker process 31
2024/09/24 04:25:02 [notice] 1#1: signal 3 (SIGQUIT) received, shutting down
2024/09/24 04:25:02 [notice] 21#21: gracefully shutting down
2024/09/24 04:25:02 [notice] 20#20: gracefully shutting down
2024/09/24 04:25:02 [notice] 22#22: gracefully shutting down
2024/09/24 04:25:02 [notice] 22#22: exiting
2024/09/24 04:25:02 [notice] 27#27: gracefully shutting down
2024/09/24 04:25:02 [notice] 28#28: gracefully shutting down
2024/09/24 04:25:02 [notice] 24#24: gracefully shutting down
2024/09/24 04:25:02 [notice] 30#30: gracefully shutting down
2024/09/24 04:25:02 [notice] 31#31: gracefully shutting down
2024/09/24 04:25:02 [notice] 26#26: gracefully shutting down
2024/09/24 04:25:02 [notice] 25#25: gracefully shutting down
2024/09/24 04:25:02 [notice] 23#23: gracefully shutting down
2024/09/24 04:25:02 [notice] 29#29: gracefully shutting down
2024/09/24 04:25:02 [notice] 21#21: exiting
2024/09/24 04:25:02 [notice] 20#20: exiting
2024/09/24 04:25:02 [notice] 22#22: exit
2024/09/24 04:25:02 [notice] 27#27: exiting
2024/09/24 04:25:02 [notice] 28#28: exiting
2024/09/24 04:25:02 [notice] 24#24: exiting
2024/09/24 04:25:02 [notice] 30#30: exiting
2024/09/24 04:25:02 [notice] 31#31: exiting
2024/09/24 04:25:02 [notice] 26#26: exiting
2024/09/24 04:25:02 [notice] 25#25: exiting
2024/09/24 04:25:02 [notice] 23#23: exiting
2024/09/24 04:25:02 [notice] 29#29: exiting
2024/09/24 04:25:02 [notice] 21#21: exit
2024/09/24 04:25:02 [notice] 20#20: exit
2024/09/24 04:25:02 [notice] 27#27: exit
2024/09/24 04:25:02 [notice] 28#28: exit
2024/09/24 04:25:02 [notice] 24#24: exit
2024/09/24 04:25:02 [notice] 30#30: exit
2024/09/24 04:25:02 [notice] 31#31: exit
2024/09/24 04:25:02 [notice] 26#26: exit
2024/09/24 04:25:02 [notice] 25#25: exit
2024/09/24 04:25:02 [notice] 23#23: exit
2024/09/24 04:25:02 [notice] 29#29: exit
2024/09/24 04:25:02 [notice] 1#1: signal 17 (SIGCHLD) received from 27
2024/09/24 04:25:02 [notice] 1#1: worker process 27 exited with code 0
2024/09/24 04:25:02 [notice] 1#1: worker process 31 exited with code 0
2024/09/24 04:25:02 [notice] 1#1: signal 29 (SIGIO) received
2024/09/24 04:25:02 [notice] 1#1: signal 17 (SIGCHLD) received from 30
2024/09/24 04:25:02 [notice] 1#1: worker process 20 exited with code 0
2024/09/24 04:25:02 [notice] 1#1: worker process 21 exited with code 0
2024/09/24 04:25:02 [notice] 1#1: worker process 22 exited with code 0
2024/09/24 04:25:02 [notice] 1#1: worker process 23 exited with code 0
2024/09/24 04:25:02 [notice] 1#1: worker process 24 exited with code 0
2024/09/24 04:25:02 [notice] 1#1: worker process 25 exited with code 0
2024/09/24 04:25:02 [notice] 1#1: worker process 26 exited with code 0
2024/09/24 04:25:02 [notice] 1#1: worker process 28 exited with code 0
2024/09/24 04:25:02 [notice] 1#1: worker process 29 exited with code 0
2024/09/24 04:25:02 [notice] 1#1: worker process 30 exited with code 0
2024/09/24 04:25:02 [notice] 1#1: exit
2024/09/24 04:25:04 [emerg] 1#1: invalid number of arguments in "add_header" directive in /etc/nginx/conf.d/app.conf:17
2024/09/24 04:25:04 [emerg] 1#1: invalid number of arguments in "add_header" directive in /etc/nginx/conf.d/app.conf:17
2024/09/24 04:25:05 [emerg] 1#1: invalid number of arguments in "add_header" directive in /etc/nginx/conf.d/app.conf:17
2024/09/24 04:25:05 [emerg] 1#1: invalid number of arguments in "add_header" directive in /etc/nginx/conf.d/app.conf:17
2024/09/24 04:25:06 [emerg] 1#1: invalid number of arguments in "add_header" directive in /etc/nginx/conf.d/app.conf:17
2024/09/24 04:25:08 [emerg] 1#1: invalid number of arguments in "add_header" directive in /etc/nginx/conf.d/app.conf:17
2024/09/24 04:25:11 [emerg] 1#1: invalid number of arguments in "add_header" directive in /etc/nginx/conf.d/app.conf:17
2024/09/24 04:25:18 [emerg] 1#1: invalid number of arguments in "add_header" directive in /etc/nginx/conf.d/app.conf:17
2024/09/24 04:25:31 [emerg] 1#1: invalid number of arguments in "add_header" directive in /etc/nginx/conf.d/app.conf:17
2024/09/24 04:25:56 [emerg] 1#1: invalid number of arguments in "add_header" directive in /etc/nginx/conf.d/app.conf:17
2024/09/24 04:26:48 [emerg] 1#1: invalid number of arguments in "add_header" directive in /etc/nginx/conf.d/app.conf:17
2024/09/24 04:27:48 [emerg] 1#1: invalid number of arguments in "add_header" directive in /etc/nginx/conf.d/app.conf:25
2024/09/24 04:28:48 [notice] 1#1: using the "epoll" event method
2024/09/24 04:28:48 [notice] 1#1: nginx/1.27.1
2024/09/24 04:28:48 [notice] 1#1: built by gcc 13.2.1 20240309 (Alpine 13.2.1_git20240309) 
2024/09/24 04:28:48 [notice] 1#1: OS: Linux 6.6.26-linuxkit
2024/09/24 04:28:48 [notice] 1#1: getrlimit(RLIMIT_NOFILE): 1048576:1048576
2024/09/24 04:28:48 [notice] 1#1: start worker processes
2024/09/24 04:28:48 [notice] 1#1: start worker process 20
2024/09/24 04:28:48 [notice] 1#1: start worker process 21
2024/09/24 04:28:48 [notice] 1#1: start worker process 22
2024/09/24 04:28:48 [notice] 1#1: start worker process 23
2024/09/24 04:28:48 [notice] 1#1: start worker process 24
2024/09/24 04:28:48 [notice] 1#1: start worker process 25
2024/09/24 04:28:48 [notice] 1#1: start worker process 26
2024/09/24 04:28:48 [notice] 1#1: start worker process 27
2024/09/24 04:28:48 [notice] 1#1: start worker process 28
2024/09/24 04:28:48 [notice] 1#1: start worker process 29
2024/09/24 04:28:48 [notice] 1#1: start worker process 30
2024/09/24 04:28:48 [notice] 1#1: start worker process 31
2024/09/24 04:31:55 [notice] 1#1: signal 3 (SIGQUIT) received, shutting down
2024/09/24 04:31:55 [notice] 20#20: gracefully shutting down
2024/09/24 04:31:55 [notice] 21#21: gracefully shutting down
2024/09/24 04:31:55 [notice] 25#25: gracefully shutting down
2024/09/24 04:31:55 [notice] 25#25: exiting
2024/09/24 04:31:55 [notice] 27#27: gracefully shutting down
2024/09/24 04:31:55 [notice] 30#30: gracefully shutting down
2024/09/24 04:31:55 [notice] 30#30: exiting
2024/09/24 04:31:55 [notice] 31#31: gracefully shutting down
2024/09/24 04:31:55 [notice] 24#24: gracefully shutting down
2024/09/24 04:31:55 [notice] 29#29: gracefully shutting down
2024/09/24 04:31:55 [notice] 26#26: gracefully shutting down
2024/09/24 04:31:55 [notice] 22#22: gracefully shutting down
2024/09/24 04:31:55 [notice] 28#28: gracefully shutting down
2024/09/24 04:31:55 [notice] 23#23: gracefully shutting down
2024/09/24 04:31:55 [notice] 20#20: exiting
2024/09/24 04:31:55 [notice] 21#21: exiting
2024/09/24 04:31:55 [notice] 25#25: exit
2024/09/24 04:31:55 [notice] 27#27: exiting
2024/09/24 04:31:55 [notice] 30#30: exit
2024/09/24 04:31:55 [notice] 31#31: exiting
2024/09/24 04:31:55 [notice] 24#24: exiting
2024/09/24 04:31:55 [notice] 29#29: exiting
2024/09/24 04:31:55 [notice] 26#26: exiting
2024/09/24 04:31:55 [notice] 22#22: exiting
2024/09/24 04:31:55 [notice] 28#28: exiting
2024/09/24 04:31:55 [notice] 23#23: exiting
2024/09/24 04:31:55 [notice] 20#20: exit
2024/09/24 04:31:55 [notice] 21#21: exit
2024/09/24 04:31:55 [notice] 27#27: exit
2024/09/24 04:31:55 [notice] 31#31: exit
2024/09/24 04:31:55 [notice] 24#24: exit
2024/09/24 04:31:55 [notice] 29#29: exit
2024/09/24 04:31:55 [notice] 26#26: exit
2024/09/24 04:31:55 [notice] 22#22: exit
2024/09/24 04:31:55 [notice] 28#28: exit
2024/09/24 04:31:55 [notice] 23#23: exit
2024/09/24 04:31:55 [notice] 1#1: signal 17 (SIGCHLD) received from 30
2024/09/24 04:31:55 [notice] 1#1: worker process 21 exited with code 0
2024/09/24 04:31:55 [notice] 1#1: worker process 24 exited with code 0
2024/09/24 04:31:55 [notice] 1#1: worker process 26 exited with code 0
2024/09/24 04:31:55 [notice] 1#1: worker process 30 exited with code 0
2024/09/24 04:31:55 [notice] 1#1: signal 29 (SIGIO) received
2024/09/24 04:31:55 [notice] 1#1: signal 17 (SIGCHLD) received from 24
2024/09/24 04:31:55 [notice] 1#1: signal 17 (SIGCHLD) received from 22
2024/09/24 04:31:55 [notice] 1#1: worker process 20 exited with code 0
2024/09/24 04:31:55 [notice] 1#1: worker process 22 exited with code 0
2024/09/24 04:31:55 [notice] 1#1: worker process 23 exited with code 0
2024/09/24 04:31:55 [notice] 1#1: worker process 27 exited with code 0
2024/09/24 04:31:55 [notice] 1#1: worker process 31 exited with code 0
2024/09/24 04:31:55 [notice] 1#1: signal 29 (SIGIO) received
2024/09/24 04:31:55 [notice] 1#1: signal 17 (SIGCHLD) received from 23
2024/09/24 04:31:55 [notice] 1#1: signal 17 (SIGCHLD) received from 25
2024/09/24 04:31:55 [notice] 1#1: worker process 25 exited with code 0
2024/09/24 04:31:55 [notice] 1#1: worker process 28 exited with code 0
2024/09/24 04:31:55 [notice] 1#1: worker process 29 exited with code 0
2024/09/24 04:31:55 [notice] 1#1: exit
